 - Files/AMAZON_FASHION_5.json.gz downloading
 - Files/Electronics_5.json.gz downloading
 - Files/Gift_Cards_5.json.gz downloading
 - Files/Grocery_and_Gourmet_Food_5.json.gz downloading
 - Files/All_Beauty_5.json.gz downloading
 - Files/Home_and_Kitchen_5.json.gz downloading
 - Files/Industrial_and_Scientific_5.json.gz downloading
 - Files/Appliances_5.json.gz downloading
 - Files/Arts_Crafts_and_Sewing_5.json.gz downloading
 - Files/Automotive_5.json.gz downloading
 - Files/Books_5.json.gz downloading
 - Files/CDs_and_Vinyl_5.json.gz downloading
 - Files/Cell_Phones_and_Accessories_5.json.gz downloading
 - Files/Clothing_Shoes_and_Jewelry_5.json.gz downloading
 - Files/Digital_Music_5.json.gz downloading
 - Files/Kindle_Store_5.json.gz downloading
 - Files/Luxury_Beauty_5.json.gz downloading
 - Files/Magazine_Subscriptions_5.json.gz downloading
 - Files/Movies_and_TV_5.json.gz downloading
 - Files/Musical_Instruments_5.json.gz downloading
 - Files/Office_Products_5.json.gz downloading
 - Files/Patio_Lawn_and_Garden_5.json.gz downloading
 - Files/Pet_Supplies_5.json.gz downloading
 - Files/Prime_Pantry_5.json.gz downloading
 - Files/Software_5.json.gz downloading
 - Files/Sports_and_Outdoors_5.json.gz downloading
 - Files/Tools_and_Home_Improvement_5.json.gz downloading
 - Files/Toys_and_Games_5.json.gz downloading
 - Files/Video_Games_5.json.gz downloading
Download was 3020.565 s.
